
*** Running vivado
    with args -log AUDIO_FX_TOP.vds -m64 -mode batch -messageDb vivado.pb -notrace -source AUDIO_FX_TOP.tcl


****** Vivado v2016.2 (64-bit)
  **** SW Build 1577090 on Thu Jun  2 16:32:40 MDT 2016
  **** IP Build 1577682 on Fri Jun  3 12:00:54 MDT 2016
    ** Copyright 1986-2016 Xilinx, Inc. All Rights Reserved.

source AUDIO_FX_TOP.tcl -notrace
Command: synth_design -top AUDIO_FX_TOP -part xc7a35tcpg236-1
Starting synth_design
Attempting to get a license for feature 'Synthesis' and/or device 'xc7a35t'
INFO: [Common 17-349] Got license for feature 'Synthesis' and/or device 'xc7a35t'
INFO: Launching helper process for spawning children vivado processes
INFO: Helper process launched with PID 13244 
---------------------------------------------------------------------------------
Starting RTL Elaboration : Time (s): cpu = 00:00:04 ; elapsed = 00:00:06 . Memory (MB): peak = 273.484 ; gain = 66.566
---------------------------------------------------------------------------------
INFO: [Synth 8-638] synthesizing module 'AUDIO_FX_TOP' [C:/Users/Psyf/Desktop/git/EE-RTAE/audio_effects/audio_effects.srcs/sources_1/new/AUDIO_FX_TOP.v:15]
INFO: [Synth 8-638] synthesizing module 'clk_twentyK' [C:/Users/Psyf/Desktop/git/EE-RTAE/audio_effects/audio_effects.srcs/sources_1/new/clk_20k.v:10]
INFO: [Synth 8-256] done synthesizing module 'clk_twentyK' (1#1) [C:/Users/Psyf/Desktop/git/EE-RTAE/audio_effects/audio_effects.srcs/sources_1/new/clk_20k.v:10]
INFO: [Synth 8-638] synthesizing module 'clk_fiftyM' [C:/Users/Psyf/Desktop/git/EE-RTAE/audio_effects/audio_effects.srcs/sources_1/new/clk_fiftyM.v:10]
INFO: [Synth 8-256] done synthesizing module 'clk_fiftyM' (2#1) [C:/Users/Psyf/Desktop/git/EE-RTAE/audio_effects/audio_effects.srcs/sources_1/new/clk_fiftyM.v:10]
INFO: [Synth 8-638] synthesizing module 'SPI' [C:/Users/Psyf/Desktop/git/EE-RTAE/audio_effects/audio_effects.srcs/sources_1/new/SPI.v:20]
INFO: [Synth 8-256] done synthesizing module 'SPI' (3#1) [C:/Users/Psyf/Desktop/git/EE-RTAE/audio_effects/audio_effects.srcs/sources_1/new/SPI.v:20]
WARNING: [Synth 8-387] label required on module instance [C:/Users/Psyf/Desktop/git/EE-RTAE/audio_effects/audio_effects.srcs/sources_1/new/AUDIO_FX_TOP.v:60]
INFO: [Synth 8-638] synthesizing module 'modeSelector' [C:/Users/Psyf/Desktop/git/EE-RTAE/audio_effects/audio_effects.srcs/sources_1/new/modeSelector.v:18]
WARNING: [Synth 8-567] referenced signal 'MIC_IN' should be on the sensitivity list [C:/Users/Psyf/Desktop/git/EE-RTAE/audio_effects/audio_effects.srcs/sources_1/new/modeSelector.v:26]
WARNING: [Synth 8-567] referenced signal 'mic_delay_out' should be on the sensitivity list [C:/Users/Psyf/Desktop/git/EE-RTAE/audio_effects/audio_effects.srcs/sources_1/new/modeSelector.v:26]
WARNING: [Synth 8-567] referenced signal 'melody_out' should be on the sensitivity list [C:/Users/Psyf/Desktop/git/EE-RTAE/audio_effects/audio_effects.srcs/sources_1/new/modeSelector.v:26]
INFO: [Synth 8-256] done synthesizing module 'modeSelector' (4#1) [C:/Users/Psyf/Desktop/git/EE-RTAE/audio_effects/audio_effects.srcs/sources_1/new/modeSelector.v:18]
INFO: [Synth 8-638] synthesizing module 'mic_delay' [C:/Users/Psyf/Desktop/git/EE-RTAE/audio_effects/audio_effects.srcs/sources_1/new/mic_delay.v:22]
INFO: [Synth 8-256] done synthesizing module 'mic_delay' (5#1) [C:/Users/Psyf/Desktop/git/EE-RTAE/audio_effects/audio_effects.srcs/sources_1/new/mic_delay.v:22]
WARNING: [Synth 8-689] width (8) of port connection 'seg' does not match port width (7) of module 'mic_delay' [C:/Users/Psyf/Desktop/git/EE-RTAE/audio_effects/audio_effects.srcs/sources_1/new/AUDIO_FX_TOP.v:63]
WARNING: [Synth 8-387] label required on module instance [C:/Users/Psyf/Desktop/git/EE-RTAE/audio_effects/audio_effects.srcs/sources_1/new/AUDIO_FX_TOP.v:70]
INFO: [Synth 8-638] synthesizing module 'melody' [C:/Users/Psyf/Desktop/git/EE-RTAE/audio_effects/audio_effects.srcs/sources_1/new/melody.v:23]
INFO: [Synth 8-256] done synthesizing module 'melody' (6#1) [C:/Users/Psyf/Desktop/git/EE-RTAE/audio_effects/audio_effects.srcs/sources_1/new/melody.v:23]
WARNING: [Synth 8-689] width (8) of port connection 'melody_disp' does not match port width (7) of module 'melody' [C:/Users/Psyf/Desktop/git/EE-RTAE/audio_effects/audio_effects.srcs/sources_1/new/AUDIO_FX_TOP.v:70]
WARNING: [Synth 8-567] referenced signal 'delay_disp' should be on the sensitivity list [C:/Users/Psyf/Desktop/git/EE-RTAE/audio_effects/audio_effects.srcs/sources_1/new/AUDIO_FX_TOP.v:81]
WARNING: [Synth 8-567] referenced signal 'melody_disp' should be on the sensitivity list [C:/Users/Psyf/Desktop/git/EE-RTAE/audio_effects/audio_effects.srcs/sources_1/new/AUDIO_FX_TOP.v:81]
INFO: [Synth 8-638] synthesizing module 'DA2RefComp' [C:/Users/Psyf/Desktop/git/EE-RTAE/audio_effects/audio_effects.srcs/sources_1/imports/audio_effects.srcs/DA2CompRef.vhd:59]
INFO: [Synth 8-256] done synthesizing module 'DA2RefComp' (7#1) [C:/Users/Psyf/Desktop/git/EE-RTAE/audio_effects/audio_effects.srcs/sources_1/imports/audio_effects.srcs/DA2CompRef.vhd:59]
INFO: [Synth 8-256] done synthesizing module 'AUDIO_FX_TOP' (8#1) [C:/Users/Psyf/Desktop/git/EE-RTAE/audio_effects/audio_effects.srcs/sources_1/new/AUDIO_FX_TOP.v:15]
WARNING: [Synth 8-3331] design AUDIO_FX_TOP has unconnected port led[13]
WARNING: [Synth 8-3331] design AUDIO_FX_TOP has unconnected port led[12]
WARNING: [Synth 8-3331] design AUDIO_FX_TOP has unconnected port led[11]
WARNING: [Synth 8-3331] design AUDIO_FX_TOP has unconnected port led[10]
---------------------------------------------------------------------------------
Finished RTL Elaboration : Time (s): cpu = 00:00:05 ; elapsed = 00:00:07 . Memory (MB): peak = 316.855 ; gain = 109.938
---------------------------------------------------------------------------------

Report Check Netlist: 
+------+------------------+-------+---------+-------+------------------+
|      |Item              |Errors |Warnings |Status |Description       |
+------+------------------+-------+---------+-------+------------------+
|1     |multi_driven_nets |      0|        0|Passed |Multi driven nets |
+------+------------------+-------+---------+-------+------------------+
WARNING: [Synth 8-3295] tying undriven pin u2:DATA2[11] to constant 0 [C:/Users/Psyf/Desktop/git/EE-RTAE/audio_effects/audio_effects.srcs/sources_1/new/AUDIO_FX_TOP.v:89]
WARNING: [Synth 8-3295] tying undriven pin u2:DATA2[10] to constant 0 [C:/Users/Psyf/Desktop/git/EE-RTAE/audio_effects/audio_effects.srcs/sources_1/new/AUDIO_FX_TOP.v:89]
WARNING: [Synth 8-3295] tying undriven pin u2:DATA2[9] to constant 0 [C:/Users/Psyf/Desktop/git/EE-RTAE/audio_effects/audio_effects.srcs/sources_1/new/AUDIO_FX_TOP.v:89]
WARNING: [Synth 8-3295] tying undriven pin u2:DATA2[8] to constant 0 [C:/Users/Psyf/Desktop/git/EE-RTAE/audio_effects/audio_effects.srcs/sources_1/new/AUDIO_FX_TOP.v:89]
WARNING: [Synth 8-3295] tying undriven pin u2:DATA2[7] to constant 0 [C:/Users/Psyf/Desktop/git/EE-RTAE/audio_effects/audio_effects.srcs/sources_1/new/AUDIO_FX_TOP.v:89]
WARNING: [Synth 8-3295] tying undriven pin u2:DATA2[6] to constant 0 [C:/Users/Psyf/Desktop/git/EE-RTAE/audio_effects/audio_effects.srcs/sources_1/new/AUDIO_FX_TOP.v:89]
WARNING: [Synth 8-3295] tying undriven pin u2:DATA2[5] to constant 0 [C:/Users/Psyf/Desktop/git/EE-RTAE/audio_effects/audio_effects.srcs/sources_1/new/AUDIO_FX_TOP.v:89]
WARNING: [Synth 8-3295] tying undriven pin u2:DATA2[4] to constant 0 [C:/Users/Psyf/Desktop/git/EE-RTAE/audio_effects/audio_effects.srcs/sources_1/new/AUDIO_FX_TOP.v:89]
WARNING: [Synth 8-3295] tying undriven pin u2:DATA2[3] to constant 0 [C:/Users/Psyf/Desktop/git/EE-RTAE/audio_effects/audio_effects.srcs/sources_1/new/AUDIO_FX_TOP.v:89]
WARNING: [Synth 8-3295] tying undriven pin u2:DATA2[2] to constant 0 [C:/Users/Psyf/Desktop/git/EE-RTAE/audio_effects/audio_effects.srcs/sources_1/new/AUDIO_FX_TOP.v:89]
WARNING: [Synth 8-3295] tying undriven pin u2:DATA2[1] to constant 0 [C:/Users/Psyf/Desktop/git/EE-RTAE/audio_effects/audio_effects.srcs/sources_1/new/AUDIO_FX_TOP.v:89]
WARNING: [Synth 8-3295] tying undriven pin u2:DATA2[0] to constant 0 [C:/Users/Psyf/Desktop/git/EE-RTAE/audio_effects/audio_effects.srcs/sources_1/new/AUDIO_FX_TOP.v:89]
---------------------------------------------------------------------------------
Finished RTL Optimization Phase 1 : Time (s): cpu = 00:00:05 ; elapsed = 00:00:07 . Memory (MB): peak = 316.855 ; gain = 109.938
---------------------------------------------------------------------------------
INFO: [Device 21-403] Loading part xc7a35tcpg236-1
INFO: [Project 1-570] Preparing netlist for logic optimization

Processing XDC Constraints
Initializing timing engine
Parsing XDC File [C:/Users/Psyf/Desktop/git/EE-RTAE/audio_effects/audio_effects.srcs/constrs_1/imports/Learn/Basys3_Master.xdc]
WARNING: [Vivado 12-584] No ports matched 'displayChange'. [C:/Users/Psyf/Desktop/git/EE-RTAE/audio_effects/audio_effects.srcs/constrs_1/imports/Learn/Basys3_Master.xdc:36]
CRITICAL WARNING: [Common 17-55] 'set_property' expects at least one object. [C:/Users/Psyf/Desktop/git/EE-RTAE/audio_effects/audio_effects.srcs/constrs_1/imports/Learn/Basys3_Master.xdc:36]
Resolution: If [get_<value>] was used to populate the object, check to make sure this command returns at least one valid object.
WARNING: [Vivado 12-584] No ports matched 'displayChange'. [C:/Users/Psyf/Desktop/git/EE-RTAE/audio_effects/audio_effects.srcs/constrs_1/imports/Learn/Basys3_Master.xdc:37]
CRITICAL WARNING: [Common 17-55] 'set_property' expects at least one object. [C:/Users/Psyf/Desktop/git/EE-RTAE/audio_effects/audio_effects.srcs/constrs_1/imports/Learn/Basys3_Master.xdc:37]
Resolution: If [get_<value>] was used to populate the object, check to make sure this command returns at least one valid object.
Finished Parsing XDC File [C:/Users/Psyf/Desktop/git/EE-RTAE/audio_effects/audio_effects.srcs/constrs_1/imports/Learn/Basys3_Master.xdc]
INFO: [Project 1-236] Implementation specific constraints were found while reading constraint file [C:/Users/Psyf/Desktop/git/EE-RTAE/audio_effects/audio_effects.srcs/constrs_1/imports/Learn/Basys3_Master.xdc]. These constraints will be ignored for synthesis but will be used in implementation. Impacted constraints are listed in the file [.Xil/AUDIO_FX_TOP_propImpl.xdc].
Resolution: To avoid this warning, move constraints listed in [.Xil/AUDIO_FX_TOP_propImpl.xdc] to another XDC file and exclude this new file from synthesis with the used_in_synthesis property (File Properties dialog in GUI) and re-run elaboration/synthesis.
Completed Processing XDC Constraints

INFO: [Project 1-111] Unisim Transformation Summary:
No Unisim elements were transformed.

Constraint Validation Runtime : Time (s): cpu = 00:00:00 ; elapsed = 00:00:00.016 . Memory (MB): peak = 602.043 ; gain = 0.000
---------------------------------------------------------------------------------
Finished Constraint Validation : Time (s): cpu = 00:00:13 ; elapsed = 00:00:15 . Memory (MB): peak = 602.043 ; gain = 395.125
---------------------------------------------------------------------------------
---------------------------------------------------------------------------------
Start Loading Part and Timing Information
---------------------------------------------------------------------------------
Loading part: xc7a35tcpg236-1
---------------------------------------------------------------------------------
Finished Loading Part and Timing Information : Time (s): cpu = 00:00:13 ; elapsed = 00:00:15 . Memory (MB): peak = 602.043 ; gain = 395.125
---------------------------------------------------------------------------------
---------------------------------------------------------------------------------
Start Applying 'set_property' XDC Constraints
---------------------------------------------------------------------------------
---------------------------------------------------------------------------------
Finished applying 'set_property' XDC Constraints : Time (s): cpu = 00:00:13 ; elapsed = 00:00:15 . Memory (MB): peak = 602.043 ; gain = 395.125
---------------------------------------------------------------------------------
INFO: [Synth 8-5546] ROM "PULSE0" won't be mapped to RAM because it is too sparse
INFO: [Synth 8-5544] ROM "speaker_out" won't be mapped to Block RAM because address size (3) smaller than threshold (5)
INFO: [Synth 8-5546] ROM "SPEAKER_OUT0" won't be mapped to RAM because it is too sparse
INFO: [Synth 8-5546] ROM "SPEAKER_OUT0" won't be mapped to RAM because it is too sparse
INFO: [Synth 8-802] inferred FSM for state register 'current_state_reg' in module 'DA2RefComp'
INFO: [Synth 8-5544] ROM "DONE" won't be mapped to Block RAM because address size (2) smaller than threshold (5)
WARNING: [Synth 8-327] inferring latch for variable 'speaker_out_reg' [C:/Users/Psyf/Desktop/git/EE-RTAE/audio_effects/audio_effects.srcs/sources_1/new/modeSelector.v:27]
---------------------------------------------------------------------------------------------------
                   State |                     New Encoding |                Previous Encoding 
---------------------------------------------------------------------------------------------------
                    idle |                               00 |                               00
                shiftout |                               01 |                               01
                syncdata |                               10 |                               10
                  iSTATE |                               11 |                               11
*
---------------------------------------------------------------------------------------------------
INFO: [Synth 8-3354] encoded FSM with state register 'current_state_reg' using encoding 'sequential' in module 'DA2RefComp'
WARNING: [Synth 8-327] inferring latch for variable 'seg_reg' [C:/Users/Psyf/Desktop/git/EE-RTAE/audio_effects/audio_effects.srcs/sources_1/new/AUDIO_FX_TOP.v:82]
---------------------------------------------------------------------------------
Finished RTL Optimization Phase 2 : Time (s): cpu = 00:00:13 ; elapsed = 00:00:16 . Memory (MB): peak = 602.043 ; gain = 395.125
---------------------------------------------------------------------------------

Report RTL Partitions: 
+-+--------------+------------+----------+
| |RTL Partition |Replication |Instances |
+-+--------------+------------+----------+
+-+--------------+------------+----------+
---------------------------------------------------------------------------------
Start RTL Component Statistics 
---------------------------------------------------------------------------------
Detailed RTL Component Info : 
+---Adders : 
	   2 Input     17 Bit       Adders := 1     
	   2 Input     12 Bit       Adders := 1     
	   2 Input      4 Bit       Adders := 1     
	   2 Input      3 Bit       Adders := 1     
+---Registers : 
	               18 Bit    Registers := 1     
	               17 Bit    Registers := 1     
	               16 Bit    Registers := 2     
	               12 Bit    Registers := 4     
	                7 Bit    Registers := 2     
	                4 Bit    Registers := 1     
	                1 Bit    Registers := 4     
+---RAMs : 
	            1171K Bit         RAMs := 1     
+---Muxes : 
	   8 Input     18 Bit        Muxes := 1     
	   2 Input     17 Bit        Muxes := 1     
	   2 Input     16 Bit        Muxes := 2     
	   2 Input     12 Bit        Muxes := 2     
	   3 Input     12 Bit        Muxes := 1     
	   4 Input      7 Bit        Muxes := 1     
	   7 Input      7 Bit        Muxes := 2     
	   2 Input      7 Bit        Muxes := 1     
	   2 Input      4 Bit        Muxes := 2     
	   5 Input      2 Bit        Muxes := 1     
	   2 Input      1 Bit        Muxes := 8     
	   4 Input      1 Bit        Muxes := 2     
	   3 Input      1 Bit        Muxes := 2     
---------------------------------------------------------------------------------
Finished RTL Component Statistics 
---------------------------------------------------------------------------------
---------------------------------------------------------------------------------
Start RTL Hierarchical Component Statistics 
---------------------------------------------------------------------------------
Hierarchical RTL Component report 
Module AUDIO_FX_TOP 
Detailed RTL Component Info : 
+---Muxes : 
	   2 Input      7 Bit        Muxes := 1     
	   2 Input      4 Bit        Muxes := 2     
	   2 Input      1 Bit        Muxes := 2     
Module clk_twentyK 
Detailed RTL Component Info : 
+---Adders : 
	   2 Input     12 Bit       Adders := 1     
+---Registers : 
	               12 Bit    Registers := 1     
	                1 Bit    Registers := 1     
+---Muxes : 
	   2 Input     12 Bit        Muxes := 1     
	   2 Input      1 Bit        Muxes := 1     
Module clk_fiftyM 
Detailed RTL Component Info : 
+---Registers : 
	                1 Bit    Registers := 2     
Module SPI 
Detailed RTL Component Info : 
+---Registers : 
	               12 Bit    Registers := 1     
	                1 Bit    Registers := 1     
Module modeSelector 
Detailed RTL Component Info : 
+---Muxes : 
	   2 Input     12 Bit        Muxes := 1     
	   3 Input     12 Bit        Muxes := 1     
	   2 Input      1 Bit        Muxes := 2     
	   4 Input      1 Bit        Muxes := 1     
Module mic_delay 
Detailed RTL Component Info : 
+---Adders : 
	   2 Input     17 Bit       Adders := 1     
+---Registers : 
	               17 Bit    Registers := 1     
	               12 Bit    Registers := 1     
	                7 Bit    Registers := 1     
+---RAMs : 
	            1171K Bit         RAMs := 1     
+---Muxes : 
	   2 Input     17 Bit        Muxes := 1     
	   4 Input      7 Bit        Muxes := 1     
Module melody 
Detailed RTL Component Info : 
+---Adders : 
	   2 Input      3 Bit       Adders := 1     
+---Registers : 
	               18 Bit    Registers := 1     
	               12 Bit    Registers := 1     
	                7 Bit    Registers := 1     
+---Muxes : 
	   8 Input     18 Bit        Muxes := 1     
	   7 Input      7 Bit        Muxes := 2     
	   2 Input      1 Bit        Muxes := 1     
Module DA2RefComp 
Detailed RTL Component Info : 
+---Adders : 
	   2 Input      4 Bit       Adders := 1     
+---Registers : 
	               16 Bit    Registers := 2     
	                4 Bit    Registers := 1     
+---Muxes : 
	   2 Input     16 Bit        Muxes := 2     
	   5 Input      2 Bit        Muxes := 1     
	   3 Input      1 Bit        Muxes := 2     
	   2 Input      1 Bit        Muxes := 2     
	   4 Input      1 Bit        Muxes := 1     
---------------------------------------------------------------------------------
Finished RTL Hierarchical Component Statistics
---------------------------------------------------------------------------------
---------------------------------------------------------------------------------
Start Part Resource Summary
---------------------------------------------------------------------------------
Part Resources:
DSPs: 90 (col length:60)
BRAMs: 100 (col length: RAMB18 60 RAMB36 30)
---------------------------------------------------------------------------------
Finished Part Resource Summary
---------------------------------------------------------------------------------
Start Parallel Synthesis Optimization  : Time (s): cpu = 00:00:14 ; elapsed = 00:00:16 . Memory (MB): peak = 602.043 ; gain = 395.125
---------------------------------------------------------------------------------
Start Cross Boundary Optimization
---------------------------------------------------------------------------------
INFO: [Synth 8-5546] ROM "SPEAKER_OUT0" won't be mapped to RAM because it is too sparse
INFO: [Synth 8-4471] merging register 'md1/i_reg[16:0]' into 'md1/i_reg[16:0]' [C:/Users/Psyf/Desktop/git/EE-RTAE/audio_effects/audio_effects.srcs/sources_1/new/mic_delay.v:40]
INFO: [Synth 8-5546] ROM "c1/PULSE0" won't be mapped to RAM because it is too sparse
WARNING: [Synth 8-3917] design AUDIO_FX_TOP has port an[2] driven by constant 1
WARNING: [Synth 8-3917] design AUDIO_FX_TOP has port an[1] driven by constant 1
WARNING: [Synth 8-3331] design AUDIO_FX_TOP has unconnected port led[13]
WARNING: [Synth 8-3331] design AUDIO_FX_TOP has unconnected port led[12]
WARNING: [Synth 8-3331] design AUDIO_FX_TOP has unconnected port led[11]
WARNING: [Synth 8-3331] design AUDIO_FX_TOP has unconnected port led[10]
---------------------------------------------------------------------------------
Finished Cross Boundary Optimization : Time (s): cpu = 00:00:14 ; elapsed = 00:00:16 . Memory (MB): peak = 602.043 ; gain = 395.125
---------------------------------------------------------------------------------
Finished Parallel Reinference  : Time (s): cpu = 00:00:14 ; elapsed = 00:00:16 . Memory (MB): peak = 602.043 ; gain = 395.125

Report RTL Partitions: 
+-+--------------+------------+----------+
| |RTL Partition |Replication |Instances |
+-+--------------+------------+----------+
+-+--------------+------------+----------+
---------------------------------------------------------------------------------
Start ROM, RAM, DSP and Shift Register Reporting
---------------------------------------------------------------------------------

Block RAM: Preliminary Mapping  Report (see note below)
+------------+------------+------------------------+---+---+-------------------------+---+---+------------------+--------+--------+
|Module Name | RTL Object | PORT A (Depth x Width) | W | R | PORT B (Depth x Width)  | W | R | Ports driving FF | RAMB18 | RAMB36 | 
+------------+------------+------------------------+---+---+-------------------------+---+---+------------------+--------+--------+
|mic_delay   | memory_reg | 128 K x 12(READ_FIRST) | W |   | 128 K x 12(WRITE_FIRST) |   | R | Port A and B     | 0      | 48     | 
+------------+------------+------------------------+---+---+-------------------------+---+---+------------------+--------+--------+

Note: The table above is a preliminary report that shows the Block RAMs at the current stage of the synthesis flow. Some Block RAMs may be reimplemented as non Block RAM primitives later in the synthesis flow. Multiple instantiated Block RAMs are reported only once. 
---------------------------------------------------------------------------------
Finished ROM, RAM, DSP and Shift Register Reporting
---------------------------------------------------------------------------------
---------------------------------------------------------------------------------
Start Area Optimization
---------------------------------------------------------------------------------
INFO: [Synth 8-3886] merging instance 'i_1/md1/memory_reg_mux_sel' (FD) to 'i_1/md1/memory_reg_mux_sel__10'
INFO: [Synth 8-3886] merging instance 'i_1/md1/memory_reg_mux_sel__0' (FD) to 'i_1/md1/memory_reg_mux_sel__10'
INFO: [Synth 8-3886] merging instance 'i_1/md1/memory_reg_mux_sel__1' (FD) to 'i_1/md1/memory_reg_mux_sel__10'
INFO: [Synth 8-3886] merging instance 'i_1/md1/memory_reg_mux_sel__2' (FD) to 'i_1/md1/memory_reg_mux_sel__10'
INFO: [Synth 8-3886] merging instance 'i_1/md1/memory_reg_mux_sel__3' (FD) to 'i_1/md1/memory_reg_mux_sel__10'
INFO: [Synth 8-3886] merging instance 'i_1/md1/memory_reg_mux_sel__4' (FD) to 'i_1/md1/memory_reg_mux_sel__10'
INFO: [Synth 8-3886] merging instance 'i_1/md1/memory_reg_mux_sel__5' (FD) to 'i_1/md1/memory_reg_mux_sel__10'
INFO: [Synth 8-3886] merging instance 'i_1/md1/memory_reg_mux_sel__6' (FD) to 'i_1/md1/memory_reg_mux_sel__10'
INFO: [Synth 8-3886] merging instance 'i_1/md1/memory_reg_mux_sel__7' (FD) to 'i_1/md1/memory_reg_mux_sel__10'
INFO: [Synth 8-3886] merging instance 'i_1/md1/memory_reg_mux_sel__8' (FD) to 'i_1/md1/memory_reg_mux_sel__10'
INFO: [Synth 8-3886] merging instance 'md1/i_reg_rep[0]' (FD) to 'md1/i_reg[0]'
INFO: [Synth 8-3886] merging instance 'md1/i_reg_rep[1]' (FD) to 'md1/i_reg[1]'
INFO: [Synth 8-3886] merging instance 'md1/i_reg_rep[2]' (FD) to 'md1/i_reg[2]'
INFO: [Synth 8-3886] merging instance 'md1/i_reg_rep[3]' (FD) to 'md1/i_reg[3]'
INFO: [Synth 8-3886] merging instance 'md1/i_reg_rep[4]' (FD) to 'md1/i_reg[4]'
INFO: [Synth 8-3886] merging instance 'md1/i_reg_rep[5]' (FD) to 'md1/i_reg[5]'
INFO: [Synth 8-3886] merging instance 'md1/i_reg_rep[6]' (FD) to 'md1/i_reg[6]'
INFO: [Synth 8-3886] merging instance 'md1/i_reg_rep[7]' (FD) to 'md1/i_reg[7]'
INFO: [Synth 8-3886] merging instance 'md1/i_reg_rep[8]' (FD) to 'md1/i_reg[8]'
INFO: [Synth 8-3886] merging instance 'md1/i_reg_rep[9]' (FD) to 'md1/i_reg[9]'
INFO: [Synth 8-3886] merging instance 'md1/i_reg_rep[10]' (FD) to 'md1/i_reg[10]'
INFO: [Synth 8-3886] merging instance 'md1/i_reg_rep[11]' (FD) to 'md1/i_reg[11]'
INFO: [Synth 8-3886] merging instance 'md1/i_reg_rep[12]' (FD) to 'md1/i_reg[12]'
INFO: [Synth 8-3886] merging instance 'md1/i_reg_rep[13]' (FD) to 'md1/i_reg[13]'
INFO: [Synth 8-3886] merging instance 'md1/i_reg_rep[14]' (FD) to 'md1/i_reg[14]'
INFO: [Synth 8-3886] merging instance 'md1/i_reg_rep[15]' (FD) to 'md1/i_reg[15]'
INFO: [Synth 8-3886] merging instance 'md1/i_reg[16]' (FD) to 'md1/i_reg_rep[16]'
INFO: [Synth 8-3886] merging instance 'i_1/md1/memory_reg_mux_sel__9' (FD) to 'i_1/md1/memory_reg_mux_sel__10'
INFO: [Synth 8-3886] merging instance 'md1/seg_reg[0]' (FD) to 'md1/seg_reg[3]'
INFO: [Synth 8-3333] propagating constant 0 across sequential element (\md1/seg_reg[1] )
WARNING: [Synth 8-3332] Sequential element (u1/temp_reg[15]) is unused and will be removed from module AUDIO_FX_TOP.
WARNING: [Synth 8-3332] Sequential element (u1/temp_reg[14]) is unused and will be removed from module AUDIO_FX_TOP.
WARNING: [Synth 8-3332] Sequential element (u1/temp_reg[13]) is unused and will be removed from module AUDIO_FX_TOP.
WARNING: [Synth 8-3332] Sequential element (u1/temp_reg[12]) is unused and will be removed from module AUDIO_FX_TOP.
WARNING: [Synth 8-3332] Sequential element (md1/memory_reg_mux_sel) is unused and will be removed from module AUDIO_FX_TOP.
WARNING: [Synth 8-3332] Sequential element (md1/memory_reg_mux_sel__0) is unused and will be removed from module AUDIO_FX_TOP.
WARNING: [Synth 8-3332] Sequential element (md1/memory_reg_mux_sel__1) is unused and will be removed from module AUDIO_FX_TOP.
WARNING: [Synth 8-3332] Sequential element (md1/memory_reg_mux_sel__2) is unused and will be removed from module AUDIO_FX_TOP.
WARNING: [Synth 8-3332] Sequential element (md1/memory_reg_mux_sel__3) is unused and will be removed from module AUDIO_FX_TOP.
WARNING: [Synth 8-3332] Sequential element (md1/memory_reg_mux_sel__4) is unused and will be removed from module AUDIO_FX_TOP.
WARNING: [Synth 8-3332] Sequential element (md1/memory_reg_mux_sel__5) is unused and will be removed from module AUDIO_FX_TOP.
WARNING: [Synth 8-3332] Sequential element (md1/memory_reg_mux_sel__6) is unused and will be removed from module AUDIO_FX_TOP.
WARNING: [Synth 8-3332] Sequential element (md1/memory_reg_mux_sel__7) is unused and will be removed from module AUDIO_FX_TOP.
WARNING: [Synth 8-3332] Sequential element (md1/memory_reg_mux_sel__8) is unused and will be removed from module AUDIO_FX_TOP.
WARNING: [Synth 8-3332] Sequential element (md1/memory_reg_mux_sel__9) is unused and will be removed from module AUDIO_FX_TOP.
WARNING: [Synth 8-3332] Sequential element (md1/seg_reg[1]) is unused and will be removed from module AUDIO_FX_TOP.
WARNING: [Synth 8-3332] Sequential element (md1/seg_reg[0]) is unused and will be removed from module AUDIO_FX_TOP.
WARNING: [Synth 8-3332] Sequential element (u2/clk_counter_reg[1]) is unused and will be removed from module AUDIO_FX_TOP.
WARNING: [Synth 8-3332] Sequential element (u2/clk_counter_reg[2]) is unused and will be removed from module AUDIO_FX_TOP.
WARNING: [Synth 8-3332] Sequential element (u2/clk_counter_reg[3]) is unused and will be removed from module AUDIO_FX_TOP.
WARNING: [Synth 8-3332] Sequential element (u2/clk_counter_reg[4]) is unused and will be removed from module AUDIO_FX_TOP.
WARNING: [Synth 8-3332] Sequential element (u2/clk_counter_reg[5]) is unused and will be removed from module AUDIO_FX_TOP.
WARNING: [Synth 8-3332] Sequential element (u2/clk_counter_reg[6]) is unused and will be removed from module AUDIO_FX_TOP.
WARNING: [Synth 8-3332] Sequential element (u2/clk_counter_reg[7]) is unused and will be removed from module AUDIO_FX_TOP.
WARNING: [Synth 8-3332] Sequential element (u2/clk_counter_reg[8]) is unused and will be removed from module AUDIO_FX_TOP.
WARNING: [Synth 8-3332] Sequential element (u2/clk_counter_reg[9]) is unused and will be removed from module AUDIO_FX_TOP.
WARNING: [Synth 8-3332] Sequential element (u2/clk_counter_reg[10]) is unused and will be removed from module AUDIO_FX_TOP.
WARNING: [Synth 8-3332] Sequential element (u2/clk_counter_reg[11]) is unused and will be removed from module AUDIO_FX_TOP.
WARNING: [Synth 8-3332] Sequential element (u2/clk_counter_reg[12]) is unused and will be removed from module AUDIO_FX_TOP.
WARNING: [Synth 8-3332] Sequential element (u2/clk_counter_reg[13]) is unused and will be removed from module AUDIO_FX_TOP.
WARNING: [Synth 8-3332] Sequential element (u2/clk_counter_reg[14]) is unused and will be removed from module AUDIO_FX_TOP.
WARNING: [Synth 8-3332] Sequential element (u2/clk_counter_reg[15]) is unused and will be removed from module AUDIO_FX_TOP.
WARNING: [Synth 8-3332] Sequential element (u2/clk_counter_reg[16]) is unused and will be removed from module AUDIO_FX_TOP.
WARNING: [Synth 8-3332] Sequential element (u2/clk_counter_reg[17]) is unused and will be removed from module AUDIO_FX_TOP.
WARNING: [Synth 8-3332] Sequential element (u2/clk_counter_reg[18]) is unused and will be removed from module AUDIO_FX_TOP.
WARNING: [Synth 8-3332] Sequential element (u2/clk_counter_reg[19]) is unused and will be removed from module AUDIO_FX_TOP.
WARNING: [Synth 8-3332] Sequential element (u2/clk_counter_reg[20]) is unused and will be removed from module AUDIO_FX_TOP.
WARNING: [Synth 8-3332] Sequential element (u2/clk_counter_reg[21]) is unused and will be removed from module AUDIO_FX_TOP.
WARNING: [Synth 8-3332] Sequential element (u2/clk_counter_reg[22]) is unused and will be removed from module AUDIO_FX_TOP.
WARNING: [Synth 8-3332] Sequential element (u2/clk_counter_reg[23]) is unused and will be removed from module AUDIO_FX_TOP.
WARNING: [Synth 8-3332] Sequential element (u2/clk_counter_reg[24]) is unused and will be removed from module AUDIO_FX_TOP.
WARNING: [Synth 8-3332] Sequential element (u2/clk_counter_reg[25]) is unused and will be removed from module AUDIO_FX_TOP.
WARNING: [Synth 8-3332] Sequential element (u2/clk_counter_reg[26]) is unused and will be removed from module AUDIO_FX_TOP.
WARNING: [Synth 8-3332] Sequential element (u2/clk_counter_reg[27]) is unused and will be removed from module AUDIO_FX_TOP.
WARNING: [Synth 8-3332] Sequential element (md1/i_reg_rep[0]) is unused and will be removed from module AUDIO_FX_TOP.
WARNING: [Synth 8-3332] Sequential element (md1/i_reg_rep[1]) is unused and will be removed from module AUDIO_FX_TOP.
WARNING: [Synth 8-3332] Sequential element (md1/i_reg_rep[2]) is unused and will be removed from module AUDIO_FX_TOP.
WARNING: [Synth 8-3332] Sequential element (md1/i_reg_rep[3]) is unused and will be removed from module AUDIO_FX_TOP.
WARNING: [Synth 8-3332] Sequential element (md1/i_reg_rep[4]) is unused and will be removed from module AUDIO_FX_TOP.
WARNING: [Synth 8-3332] Sequential element (md1/i_reg_rep[5]) is unused and will be removed from module AUDIO_FX_TOP.
WARNING: [Synth 8-3332] Sequential element (md1/i_reg_rep[6]) is unused and will be removed from module AUDIO_FX_TOP.
WARNING: [Synth 8-3332] Sequential element (md1/i_reg_rep[7]) is unused and will be removed from module AUDIO_FX_TOP.
WARNING: [Synth 8-3332] Sequential element (md1/i_reg_rep[8]) is unused and will be removed from module AUDIO_FX_TOP.
WARNING: [Synth 8-3332] Sequential element (md1/i_reg_rep[9]) is unused and will be removed from module AUDIO_FX_TOP.
WARNING: [Synth 8-3332] Sequential element (md1/i_reg_rep[10]) is unused and will be removed from module AUDIO_FX_TOP.
WARNING: [Synth 8-3332] Sequential element (md1/i_reg_rep[11]) is unused and will be removed from module AUDIO_FX_TOP.
WARNING: [Synth 8-3332] Sequential element (md1/i_reg_rep[12]) is unused and will be removed from module AUDIO_FX_TOP.
WARNING: [Synth 8-3332] Sequential element (md1/i_reg_rep[13]) is unused and will be removed from module AUDIO_FX_TOP.
WARNING: [Synth 8-3332] Sequential element (md1/i_reg_rep[14]) is unused and will be removed from module AUDIO_FX_TOP.
WARNING: [Synth 8-3332] Sequential element (md1/i_reg_rep[15]) is unused and will be removed from module AUDIO_FX_TOP.
WARNING: [Synth 8-3332] Sequential element (md1/i_reg[16]) is unused and will be removed from module AUDIO_FX_TOP.
---------------------------------------------------------------------------------
Finished Area Optimization : Time (s): cpu = 00:00:25 ; elapsed = 00:00:28 . Memory (MB): peak = 602.043 ; gain = 395.125
---------------------------------------------------------------------------------
Finished Parallel Area Optimization  : Time (s): cpu = 00:00:25 ; elapsed = 00:00:28 . Memory (MB): peak = 602.043 ; gain = 395.125

Report RTL Partitions: 
+-+--------------+------------+----------+
| |RTL Partition |Replication |Instances |
+-+--------------+------------+----------+
+-+--------------+------------+----------+
---------------------------------------------------------------------------------
Start Timing Optimization
---------------------------------------------------------------------------------
---------------------------------------------------------------------------------
Start Applying XDC Timing Constraints
---------------------------------------------------------------------------------
---------------------------------------------------------------------------------
Finished Applying XDC Timing Constraints : Time (s): cpu = 00:00:34 ; elapsed = 00:00:37 . Memory (MB): peak = 617.207 ; gain = 410.289
---------------------------------------------------------------------------------
---------------------------------------------------------------------------------
Finished Timing Optimization : Time (s): cpu = 00:00:35 ; elapsed = 00:00:37 . Memory (MB): peak = 630.168 ; gain = 423.250
---------------------------------------------------------------------------------

Report RTL Partitions: 
+-+--------------+------------+----------+
| |RTL Partition |Replication |Instances |
+-+--------------+------------+----------+
+-+--------------+------------+----------+
---------------------------------------------------------------------------------
Start Technology Mapping
---------------------------------------------------------------------------------
WARNING: [Synth 8-3332] Sequential element (u2/temp2_reg[11]) is unused and will be removed from module AUDIO_FX_TOP.
WARNING: [Synth 8-3332] Sequential element (u2/temp2_reg[10]) is unused and will be removed from module AUDIO_FX_TOP.
WARNING: [Synth 8-3332] Sequential element (u2/temp2_reg[9]) is unused and will be removed from module AUDIO_FX_TOP.
WARNING: [Synth 8-3332] Sequential element (u2/temp2_reg[8]) is unused and will be removed from module AUDIO_FX_TOP.
WARNING: [Synth 8-3332] Sequential element (u2/temp2_reg[7]) is unused and will be removed from module AUDIO_FX_TOP.
WARNING: [Synth 8-3332] Sequential element (u2/temp2_reg[6]) is unused and will be removed from module AUDIO_FX_TOP.
WARNING: [Synth 8-3332] Sequential element (u2/temp2_reg[5]) is unused and will be removed from module AUDIO_FX_TOP.
WARNING: [Synth 8-3332] Sequential element (u2/temp2_reg[4]) is unused and will be removed from module AUDIO_FX_TOP.
WARNING: [Synth 8-3332] Sequential element (u2/temp2_reg[3]) is unused and will be removed from module AUDIO_FX_TOP.
WARNING: [Synth 8-3332] Sequential element (u2/temp2_reg[2]) is unused and will be removed from module AUDIO_FX_TOP.
WARNING: [Synth 8-3332] Sequential element (u2/temp2_reg[1]) is unused and will be removed from module AUDIO_FX_TOP.
WARNING: [Synth 8-3332] Sequential element (u2/temp2_reg[0]) is unused and will be removed from module AUDIO_FX_TOP.
WARNING: [Synth 8-3332] Sequential element (u2/temp2_reg[15]) is unused and will be removed from module AUDIO_FX_TOP.
WARNING: [Synth 8-3332] Sequential element (u2/temp2_reg[14]) is unused and will be removed from module AUDIO_FX_TOP.
WARNING: [Synth 8-3332] Sequential element (u2/temp2_reg[13]) is unused and will be removed from module AUDIO_FX_TOP.
WARNING: [Synth 8-3332] Sequential element (u2/temp2_reg[12]) is unused and will be removed from module AUDIO_FX_TOP.
INFO: [Synth 8-4480] The timing for the instance md1/memory_reg_1_0 (implemented as a block RAM) might be sub-optimal as no optional output register could be merged into the block ram. Providing additional output register may help in improving timing.
INFO: [Synth 8-4480] The timing for the instance md1/memory_reg_1_1 (implemented as a block RAM) might be sub-optimal as no optional output register could be merged into the block ram. Providing additional output register may help in improving timing.
INFO: [Synth 8-4480] The timing for the instance md1/memory_reg_1_2 (implemented as a block RAM) might be sub-optimal as no optional output register could be merged into the block ram. Providing additional output register may help in improving timing.
INFO: [Synth 8-4480] The timing for the instance md1/memory_reg_1_3 (implemented as a block RAM) might be sub-optimal as no optional output register could be merged into the block ram. Providing additional output register may help in improving timing.
INFO: [Synth 8-4480] The timing for the instance md1/memory_reg_1_4 (implemented as a block RAM) might be sub-optimal as no optional output register could be merged into the block ram. Providing additional output register may help in improving timing.
INFO: [Synth 8-4480] The timing for the instance md1/memory_reg_1_5 (implemented as a block RAM) might be sub-optimal as no optional output register could be merged into the block ram. Providing additional output register may help in improving timing.
INFO: [Synth 8-4480] The timing for the instance md1/memory_reg_1_6 (implemented as a block RAM) might be sub-optimal as no optional output register could be merged into the block ram. Providing additional output register may help in improving timing.
INFO: [Synth 8-4480] The timing for the instance md1/memory_reg_1_7 (implemented as a block RAM) might be sub-optimal as no optional output register could be merged into the block ram. Providing additional output register may help in improving timing.
INFO: [Synth 8-4480] The timing for the instance md1/memory_reg_1_8 (implemented as a block RAM) might be sub-optimal as no optional output register could be merged into the block ram. Providing additional output register may help in improving timing.
INFO: [Synth 8-4480] The timing for the instance md1/memory_reg_1_9 (implemented as a block RAM) might be sub-optimal as no optional output register could be merged into the block ram. Providing additional output register may help in improving timing.
INFO: [Synth 8-4480] The timing for the instance md1/memory_reg_1_10 (implemented as a block RAM) might be sub-optimal as no optional output register could be merged into the block ram. Providing additional output register may help in improving timing.
INFO: [Synth 8-4480] The timing for the instance md1/memory_reg_1_11 (implemented as a block RAM) might be sub-optimal as no optional output register could be merged into the block ram. Providing additional output register may help in improving timing.
INFO: [Synth 8-4480] The timing for the instance md1/memory_reg_3_0 (implemented as a block RAM) might be sub-optimal as no optional output register could be merged into the block ram. Providing additional output register may help in improving timing.
INFO: [Synth 8-4480] The timing for the instance md1/memory_reg_3_1 (implemented as a block RAM) might be sub-optimal as no optional output register could be merged into the block ram. Providing additional output register may help in improving timing.
INFO: [Synth 8-4480] The timing for the instance md1/memory_reg_3_2 (implemented as a block RAM) might be sub-optimal as no optional output register could be merged into the block ram. Providing additional output register may help in improving timing.
INFO: [Synth 8-4480] The timing for the instance md1/memory_reg_3_3 (implemented as a block RAM) might be sub-optimal as no optional output register could be merged into the block ram. Providing additional output register may help in improving timing.
INFO: [Synth 8-4480] The timing for the instance md1/memory_reg_3_4 (implemented as a block RAM) might be sub-optimal as no optional output register could be merged into the block ram. Providing additional output register may help in improving timing.
INFO: [Synth 8-4480] The timing for the instance md1/memory_reg_3_5 (implemented as a block RAM) might be sub-optimal as no optional output register could be merged into the block ram. Providing additional output register may help in improving timing.
INFO: [Synth 8-4480] The timing for the instance md1/memory_reg_3_6 (implemented as a block RAM) might be sub-optimal as no optional output register could be merged into the block ram. Providing additional output register may help in improving timing.
INFO: [Synth 8-4480] The timing for the instance md1/memory_reg_3_7 (implemented as a block RAM) might be sub-optimal as no optional output register could be merged into the block ram. Providing additional output register may help in improving timing.
INFO: [Synth 8-4480] The timing for the instance md1/memory_reg_3_8 (implemented as a block RAM) might be sub-optimal as no optional output register could be merged into the block ram. Providing additional output register may help in improving timing.
INFO: [Synth 8-4480] The timing for the instance md1/memory_reg_3_9 (implemented as a block RAM) might be sub-optimal as no optional output register could be merged into the block ram. Providing additional output register may help in improving timing.
INFO: [Synth 8-4480] The timing for the instance md1/memory_reg_3_10 (implemented as a block RAM) might be sub-optimal as no optional output register could be merged into the block ram. Providing additional output register may help in improving timing.
INFO: [Synth 8-4480] The timing for the instance md1/memory_reg_3_11 (implemented as a block RAM) might be sub-optimal as no optional output register could be merged into the block ram. Providing additional output register may help in improving timing.
---------------------------------------------------------------------------------
Finished Technology Mapping : Time (s): cpu = 00:00:35 ; elapsed = 00:00:38 . Memory (MB): peak = 641.574 ; gain = 434.656
---------------------------------------------------------------------------------
Finished Parallel Technology Mapping Optimization  : Time (s): cpu = 00:00:35 ; elapsed = 00:00:38 . Memory (MB): peak = 641.574 ; gain = 434.656

Report RTL Partitions: 
+-+--------------+------------+----------+
| |RTL Partition |Replication |Instances |
+-+--------------+------------+----------+
+-+--------------+------------+----------+
Finished Parallel Synthesis Optimization  : Time (s): cpu = 00:00:35 ; elapsed = 00:00:38 . Memory (MB): peak = 641.574 ; gain = 434.656
---------------------------------------------------------------------------------
Start IO Insertion
---------------------------------------------------------------------------------
---------------------------------------------------------------------------------
Start Flattening Before IO Insertion
---------------------------------------------------------------------------------
---------------------------------------------------------------------------------
Finished Flattening Before IO Insertion
---------------------------------------------------------------------------------
---------------------------------------------------------------------------------
Start Final Netlist Cleanup
---------------------------------------------------------------------------------
---------------------------------------------------------------------------------
Finished Final Netlist Cleanup
---------------------------------------------------------------------------------
---------------------------------------------------------------------------------
Finished IO Insertion : Time (s): cpu = 00:00:36 ; elapsed = 00:00:38 . Memory (MB): peak = 641.574 ; gain = 434.656
---------------------------------------------------------------------------------

Report Check Netlist: 
+------+------------------+-------+---------+-------+------------------+
|      |Item              |Errors |Warnings |Status |Description       |
+------+------------------+-------+---------+-------+------------------+
|1     |multi_driven_nets |      0|        0|Passed |Multi driven nets |
+------+------------------+-------+---------+-------+------------------+
---------------------------------------------------------------------------------
Start Renaming Generated Instances
---------------------------------------------------------------------------------
---------------------------------------------------------------------------------
Finished Renaming Generated Instances : Time (s): cpu = 00:00:36 ; elapsed = 00:00:38 . Memory (MB): peak = 641.574 ; gain = 434.656
---------------------------------------------------------------------------------

Report RTL Partitions: 
+-+--------------+------------+----------+
| |RTL Partition |Replication |Instances |
+-+--------------+------------+----------+
+-+--------------+------------+----------+
---------------------------------------------------------------------------------
Start Rebuilding User Hierarchy
---------------------------------------------------------------------------------
---------------------------------------------------------------------------------
Finished Rebuilding User Hierarchy : Time (s): cpu = 00:00:36 ; elapsed = 00:00:38 . Memory (MB): peak = 641.574 ; gain = 434.656
---------------------------------------------------------------------------------
---------------------------------------------------------------------------------
Start Renaming Generated Ports
---------------------------------------------------------------------------------
---------------------------------------------------------------------------------
Finished Renaming Generated Ports : Time (s): cpu = 00:00:36 ; elapsed = 00:00:38 . Memory (MB): peak = 641.574 ; gain = 434.656
---------------------------------------------------------------------------------
---------------------------------------------------------------------------------
Start Handling Custom Attributes
---------------------------------------------------------------------------------
---------------------------------------------------------------------------------
Finished Handling Custom Attributes : Time (s): cpu = 00:00:36 ; elapsed = 00:00:38 . Memory (MB): peak = 641.574 ; gain = 434.656
---------------------------------------------------------------------------------
---------------------------------------------------------------------------------
Start Renaming Generated Nets
---------------------------------------------------------------------------------
---------------------------------------------------------------------------------
Finished Renaming Generated Nets : Time (s): cpu = 00:00:36 ; elapsed = 00:00:38 . Memory (MB): peak = 641.574 ; gain = 434.656
---------------------------------------------------------------------------------
---------------------------------------------------------------------------------
Start Writing Synthesis Report
---------------------------------------------------------------------------------

Report BlackBoxes: 
+-+--------------+----------+
| |BlackBox name |Instances |
+-+--------------+----------+
+-+--------------+----------+

Report Cell Usage: 
+------+-----------+------+
|      |Cell       |Count |
+------+-----------+------+
|1     |BUFG       |     2|
|2     |CARRY4     |    37|
|3     |LUT1       |   110|
|4     |LUT2       |    40|
|5     |LUT3       |    52|
|6     |LUT4       |    45|
|7     |LUT5       |    53|
|8     |LUT6       |    39|
|9     |RAMB36E1   |    24|
|10    |RAMB36E1_1 |    24|
|11    |XORCY      |     1|
|12    |FDRE       |   169|
|13    |LD         |     7|
|14    |LDC        |    12|
|15    |IBUF       |    16|
|16    |OBUF       |    29|
|17    |OBUFT      |     4|
+------+-----------+------+

Report Instance Areas: 
+------+-----------------+-------------+------+
|      |Instance         |Module       |Cells |
+------+-----------------+-------------+------+
|1     |top              |             |   664|
|2     |  c1             |clk_twentyK  |    33|
|3     |  c2             |clk_fiftyM   |     4|
|4     |  md1            |mic_delay    |   237|
|5     |  nolabel_line60 |modeSelector |    38|
|6     |  nolabel_line70 |melody       |   166|
|7     |  u1             |SPI          |    77|
|8     |  u2             |DA2RefComp   |    48|
+------+-----------------+-------------+------+
---------------------------------------------------------------------------------
Finished Writing Synthesis Report : Time (s): cpu = 00:00:36 ; elapsed = 00:00:38 . Memory (MB): peak = 641.574 ; gain = 434.656
---------------------------------------------------------------------------------
Synthesis finished with 0 errors, 0 critical warnings and 85 warnings.
Synthesis Optimization Runtime : Time (s): cpu = 00:00:26 ; elapsed = 00:00:31 . Memory (MB): peak = 641.574 ; gain = 149.469
Synthesis Optimization Complete : Time (s): cpu = 00:00:36 ; elapsed = 00:00:38 . Memory (MB): peak = 641.574 ; gain = 434.656
INFO: [Project 1-571] Translating synthesized netlist
INFO: [Netlist 29-17] Analyzing 121 Unisim elements for replacement
INFO: [Netlist 29-28] Unisim Transformation completed in 0 CPU seconds
INFO: [Project 1-570] Preparing netlist for logic optimization
INFO: [Opt 31-138] Pushed 1 inverter(s) to 12 load pin(s).
INFO: [Project 1-111] Unisim Transformation Summary:
  A total of 20 instances were transformed.
  (MUXCY,XORCY) => CARRY4: 1 instances
  LD => LDCE: 7 instances
  LDC => LDCE: 12 instances

INFO: [Common 17-83] Releasing license: Synthesis
92 Infos, 112 Warnings, 2 Critical Warnings and 0 Errors encountered.
synth_design completed successfully
synth_design: Time (s): cpu = 00:00:36 ; elapsed = 00:00:38 . Memory (MB): peak = 641.574 ; gain = 434.656
report_utilization: Time (s): cpu = 00:00:00 ; elapsed = 00:00:00.016 . Memory (MB): peak = 641.574 ; gain = 0.000
INFO: [Common 17-206] Exiting Vivado at Wed Mar 28 15:20:58 2018...
