#-----------------------------------------------------------
# Vivado v2016.2 (64-bit)
# SW Build 1577090 on Thu Jun  2 16:32:40 MDT 2016
# IP Build 1577682 on Fri Jun  3 12:00:54 MDT 2016
# Start of session at: Fri Apr 06 14:18:46 2018
# Process ID: 8136
# Current directory: C:/Users/Lenovo/Desktop/clone/EE-RTAE/audio_effects
# Command line: vivado.exe -gui_launcher_event rodinguilauncherevent7120 C:\Users\Lenovo\Desktop\clone\EE-RTAE\audio_effects\audio_effects.xpr
# Log file: C:/Users/Lenovo/Desktop/clone/EE-RTAE/audio_effects/vivado.log
# Journal file: C:/Users/Lenovo/Desktop/clone/EE-RTAE/audio_effects\vivado.jou
#-----------------------------------------------------------
start_gui
open_project C:/Users/Lenovo/Desktop/clone/EE-RTAE/audio_effects/audio_effects.xpr
Scanning sources...
Finished scanning sources
WARNING: [filemgmt 56-3] IPUserFilesDir: Could not find the directory 'C:/Users/Lenovo/Desktop/clone/EE-RTAE/audio_effects/audio_effects.ip_user_files'.
INFO: [IP_Flow 19-234] Refreshing IP repositories
INFO: [IP_Flow 19-1704] No user IP repositories specified
INFO: [IP_Flow 19-2313] Loaded Vivado IP repository 'C:/Xilinx/Vivado/2016.2/data/ip'.
open_project: Time (s): cpu = 00:00:14 ; elapsed = 00:00:06 . Memory (MB): peak = 809.441 ; gain = 141.785
update_compile_order -fileset sources_1
close [ open C:/Users/Lenovo/Desktop/clone/EE-RTAE/audio_effects/audio_effects.srcs/sources_1/new/five_hz_clock.v w ]
add_files C:/Users/Lenovo/Desktop/clone/EE-RTAE/audio_effects/audio_effects.srcs/sources_1/new/five_hz_clock.v
update_compile_order -fileset sources_1
close [ open C:/Users/Lenovo/Desktop/clone/EE-RTAE/audio_effects/audio_effects.srcs/sources_1/new/game.v w ]
add_files C:/Users/Lenovo/Desktop/clone/EE-RTAE/audio_effects/audio_effects.srcs/sources_1/new/game.v
update_compile_order -fileset sources_1
exit
INFO: [Common 17-206] Exiting Vivado at Fri Apr 06 16:06:29 2018...
