#-----------------------------------------------------------
# Vivado v2016.2 (64-bit)
# SW Build 1577090 on Thu Jun  2 16:32:40 MDT 2016
# IP Build 1577682 on Fri Jun  3 12:00:54 MDT 2016
# Start of session at: Sun Mar 25 16:36:01 2018
# Process ID: 948
# Current directory: C:/Users/Psyf/Desktop/git/EE-RTAE/audio_effects
# Command line: vivado.exe -gui_launcher_event rodinguilauncherevent8872 C:\Users\Psyf\Desktop\git\EE-RTAE\audio_effects\audio_effects.xpr
# Log file: C:/Users/Psyf/Desktop/git/EE-RTAE/audio_effects/vivado.log
# Journal file: C:/Users/Psyf/Desktop/git/EE-RTAE/audio_effects\vivado.jou
#-----------------------------------------------------------
start_gui
open_project C:/Users/Psyf/Desktop/git/EE-RTAE/audio_effects/audio_effects.xpr
Scanning sources...
Finished scanning sources
INFO: [IP_Flow 19-234] Refreshing IP repositories
INFO: [IP_Flow 19-1704] No user IP repositories specified
INFO: [IP_Flow 19-2313] Loaded Vivado IP repository 'C:/EE2026_Xilinx/Vivado/2016.2/data/ip'.
open_project: Time (s): cpu = 00:00:17 ; elapsed = 00:00:17 . Memory (MB): peak = 732.258 ; gain = 134.645
update_compile_order -fileset sources_1
exit
INFO: [Common 17-206] Exiting Vivado at Sun Mar 25 17:39:15 2018...
