#-----------------------------------------------------------
# Vivado v2016.2 (64-bit)
# SW Build 1577090 on Thu Jun  2 16:32:40 MDT 2016
# IP Build 1577682 on Fri Jun  3 12:00:54 MDT 2016
# Start of session at: Fri Apr 06 14:10:43 2018
# Process ID: 7924
# Current directory: C:/Users/Lenovo/Desktop/clone/EE-RTAE/audio_effects
# Command line: vivado.exe -gui_launcher_event rodinguilauncherevent3140 C:\Users\Lenovo\Desktop\clone\EE-RTAE\audio_effects\audio_effects.xpr
# Log file: C:/Users/Lenovo/Desktop/clone/EE-RTAE/audio_effects/vivado.log
# Journal file: C:/Users/Lenovo/Desktop/clone/EE-RTAE/audio_effects\vivado.jou
#-----------------------------------------------------------
start_gui
open_project C:/Users/Lenovo/Desktop/clone/EE-RTAE/audio_effects/audio_effects.xpr
INFO: [Project 1-313] Project file moved from 'C:/Users/Psyf/Desktop/git/EE-RTAE/audio_effects' since last save.
Scanning sources...
Finished scanning sources
WARNING: [filemgmt 56-2] IPUserFilesDir: Could not find the directory 'C:/Users/Lenovo/Desktop/clone/EE-RTAE/audio_effects/audio_effects.ip_user_files', nor could it be found using path 'C:/Users/Psyf/Desktop/git/EE-RTAE/audio_effects/audio_effects.ip_user_files'.
INFO: [IP_Flow 19-234] Refreshing IP repositories
INFO: [IP_Flow 19-1704] No user IP repositories specified
INFO: [IP_Flow 19-2313] Loaded Vivado IP repository 'C:/Xilinx/Vivado/2016.2/data/ip'.
open_project: Time (s): cpu = 00:00:17 ; elapsed = 00:00:15 . Memory (MB): peak = 745.852 ; gain = 105.055
update_compile_order -fileset sources_1
reset_run synth_1
launch_runs impl_1 -to_step write_bitstream
[Fri Apr 06 14:12:09 2018] Launched synth_1...
Run output will be captured here: C:/Users/Lenovo/Desktop/clone/EE-RTAE/audio_effects/audio_effects.runs/synth_1/runme.log
[Fri Apr 06 14:12:09 2018] Launched impl_1...
Run output will be captured here: C:/Users/Lenovo/Desktop/clone/EE-RTAE/audio_effects/audio_effects.runs/impl_1/runme.log
open_hw
connect_hw_server
INFO: [Labtools 27-2285] Connecting to hw_server url TCP:localhost:3121
INFO: [Labtools 27-2222] Launching hw_server...
INFO: [Labtools 27-2221] Launch Output:

****** Xilinx hw_server v2016.2
  **** Build date : Jun  2 2016-16:57:03
    ** Copyright 1986-2016 Xilinx, Inc. All Rights Reserved.


open_hw_target
ERROR: [Labtoolstcl 44-469] There is no current hw_target.
disconnect_hw_server localhost:3121
connect_hw_server
INFO: [Labtools 27-2285] Connecting to hw_server url TCP:localhost:3121
open_hw_target
ERROR: [Labtoolstcl 44-469] There is no current hw_target.
disconnect_hw_server localhost:3121
connect_hw_server
INFO: [Labtools 27-2285] Connecting to hw_server url TCP:localhost:3121
open_hw_target
ERROR: [Labtoolstcl 44-469] There is no current hw_target.
disconnect_hw_server localhost:3121
connect_hw_server
INFO: [Labtools 27-2285] Connecting to hw_server url TCP:localhost:3121
open_hw_target
ERROR: [Labtoolstcl 44-469] There is no current hw_target.
disconnect_hw_server localhost:3121
connect_hw_server
INFO: [Labtools 27-2285] Connecting to hw_server url TCP:localhost:3121
open_hw_target
ERROR: [Labtoolstcl 44-469] There is no current hw_target.
disconnect_hw_server localhost:3121
connect_hw_server
INFO: [Labtools 27-2285] Connecting to hw_server url TCP:localhost:3121
open_hw_target
ERROR: [Labtoolstcl 44-469] There is no current hw_target.
disconnect_hw_server localhost:3121
connect_hw_server
INFO: [Labtools 27-2285] Connecting to hw_server url TCP:localhost:3121
open_hw_target
ERROR: [Labtoolstcl 44-469] There is no current hw_target.
disconnect_hw_server localhost:3121
connect_hw_server
INFO: [Labtools 27-2285] Connecting to hw_server url TCP:localhost:3121
open_hw_target
ERROR: [Labtoolstcl 44-469] There is no current hw_target.
disconnect_hw_server localhost:3121
connect_hw_server
INFO: [Labtools 27-2285] Connecting to hw_server url TCP:localhost:3121
open_hw_target
ERROR: [Labtoolstcl 44-469] There is no current hw_target.
disconnect_hw_server localhost:3121
connect_hw_server
INFO: [Labtools 27-2285] Connecting to hw_server url TCP:localhost:3121
open_hw_target
ERROR: [Labtoolstcl 44-469] There is no current hw_target.
exit
INFO: [Common 17-206] Exiting Vivado at Fri Apr 06 14:18:45 2018...
