#-----------------------------------------------------------
# Vivado v2016.2 (64-bit)
# SW Build 1577090 on Thu Jun  2 16:32:40 MDT 2016
# IP Build 1577682 on Fri Jun  3 12:00:54 MDT 2016
# Start of session at: Sun Mar 25 21:35:17 2018
# Process ID: 4904
# Current directory: C:/Users/Lenovo/Desktop/clone/EE-RTAE/audio_effects
# Command line: vivado.exe -gui_launcher_event rodinguilauncherevent596 C:\Users\Lenovo\Desktop\clone\EE-RTAE\audio_effects\audio_effects.xpr
# Log file: C:/Users/Lenovo/Desktop/clone/EE-RTAE/audio_effects/vivado.log
# Journal file: C:/Users/Lenovo/Desktop/clone/EE-RTAE/audio_effects\vivado.jou
#-----------------------------------------------------------
start_gui
open_project C:/Users/Lenovo/Desktop/clone/EE-RTAE/audio_effects/audio_effects.xpr
INFO: [Project 1-313] Project file moved from 'C:/Users/Psyf/Desktop/git/EE-RTAE/audio_effects' since last save.
Scanning sources...
Finished scanning sources
WARNING: [filemgmt 56-2] IPUserFilesDir: Could not find the directory 'C:/Users/Lenovo/Desktop/clone/EE-RTAE/audio_effects/audio_effects.ip_user_files', nor could it be found using path 'C:/Users/Psyf/Desktop/git/EE-RTAE/audio_effects/audio_effects.ip_user_files'.
INFO: [IP_Flow 19-234] Refreshing IP repositories
INFO: [IP_Flow 19-1704] No user IP repositories specified
INFO: [IP_Flow 19-2313] Loaded Vivado IP repository 'C:/Xilinx/Vivado/2016.2/data/ip'.
open_project: Time (s): cpu = 00:00:15 ; elapsed = 00:00:06 . Memory (MB): peak = 825.922 ; gain = 153.523
update_compile_order -fileset sources_1
update_compile_order -fileset sources_1
update_compile_order -fileset sources_1
exit
INFO: [Common 17-206] Exiting Vivado at Mon Mar 26 00:00:24 2018...
